2019-12-26 19:34:14 INFO  class XmlHandler:88 - ID: 1
2019-12-26 19:34:14 INFO  class XmlHandler:93 - Name: Bogdan
2019-12-26 19:34:14 INFO  class XmlHandler:88 - ID: 2
2019-12-26 19:34:14 INFO  class XmlHandler:93 - Name: George
2019-12-26 19:34:14 INFO  class XmlHandler:88 - ID: 3
2019-12-26 19:34:14 INFO  class XmlHandler:93 - Name: Julius
2019-12-26 19:34:14 INFO  class XmlHandler:88 - ID: 4
2019-12-26 19:34:14 INFO  class XmlHandler:93 - Name: Philipn
2019-12-26 19:34:14 INFO  class XmlHandler:88 - ID: 5
2019-12-26 19:34:14 INFO  class XmlHandler:93 - Name: Alexander
2019-12-26 19:34:14 INFO  class XmlHandler:88 - ID: 6
2019-12-26 19:34:14 INFO  class XmlHandler:93 - Name: Bogdan
2019-12-26 19:34:14 INFO  class XmlHandler:88 - ID: 7
2019-12-26 19:34:14 INFO  class XmlHandler:93 - Name: Vasily
2019-12-26 19:34:14 INFO  class XmlHandler:88 - ID: 8
2019-12-26 19:34:14 INFO  class XmlHandler:93 - Name: Nastya
2019-12-26 19:34:14 INFO  class XmlHandler:88 - ID: 9
2019-12-26 19:34:14 INFO  class XmlHandler:93 - Name: Liza
2019-12-26 19:35:21 INFO  class XmlHandler:86 - ID: 1
2019-12-26 19:35:21 INFO  class XmlHandler:91 - Name: Bogdan
2019-12-26 19:35:21 INFO  class XmlHandler:86 - ID: 2
2019-12-26 19:35:21 INFO  class XmlHandler:91 - Name: George
2019-12-26 19:35:21 INFO  class XmlHandler:86 - ID: 3
2019-12-26 19:35:21 INFO  class XmlHandler:91 - Name: Julius
2019-12-26 19:35:21 INFO  class XmlHandler:86 - ID: 4
2019-12-26 19:35:21 INFO  class XmlHandler:91 - Name: Philipn
2019-12-26 19:35:21 INFO  class XmlHandler:86 - ID: 5
2019-12-26 19:35:21 INFO  class XmlHandler:91 - Name: Alexander
2019-12-26 19:35:21 INFO  class XmlHandler:86 - ID: 6
2019-12-26 19:35:21 INFO  class XmlHandler:91 - Name: Bogdan
2019-12-26 19:35:21 INFO  class XmlHandler:86 - ID: 7
2019-12-26 19:35:21 INFO  class XmlHandler:91 - Name: Vasily
2019-12-26 19:35:21 INFO  class XmlHandler:86 - ID: 8
2019-12-26 19:35:21 INFO  class XmlHandler:91 - Name: Nastya
2019-12-26 19:35:21 INFO  class XmlHandler:86 - ID: 9
2019-12-26 19:35:21 INFO  class XmlHandler:91 - Name: Liza
2019-12-26 19:35:51 INFO  class XmlHandler:86 - ID: 1
2019-12-26 19:35:51 INFO  class XmlHandler:91 - Name: Bogdan
2019-12-26 19:35:51 INFO  class XmlHandler:86 - ID: 2
2019-12-26 19:35:51 INFO  class XmlHandler:91 - Name: George
2019-12-26 19:35:51 INFO  class XmlHandler:86 - ID: 3
2019-12-26 19:35:51 INFO  class XmlHandler:91 - Name: Julius
2019-12-26 19:35:51 INFO  class XmlHandler:86 - ID: 4
2019-12-26 19:35:51 INFO  class XmlHandler:91 - Name: Philipn
2019-12-26 19:35:51 INFO  class XmlHandler:86 - ID: 5
2019-12-26 19:35:51 INFO  class XmlHandler:91 - Name: Alexander
2019-12-26 19:35:51 INFO  class XmlHandler:86 - ID: 6
2019-12-26 19:35:51 INFO  class XmlHandler:91 - Name: Bogdan
2019-12-26 19:35:51 INFO  class XmlHandler:86 - ID: 7
2019-12-26 19:35:51 INFO  class XmlHandler:91 - Name: Vasily
2019-12-26 19:35:51 INFO  class XmlHandler:86 - ID: 8
2019-12-26 19:35:51 INFO  class XmlHandler:91 - Name: Nastya
2019-12-26 19:35:51 INFO  class XmlHandler:86 - ID: 9
2019-12-26 19:35:51 INFO  class XmlHandler:91 - Name: Liza
